<?xml version="1.0" encoding="UTF-8" ?>
<testsuite tests="7" failures="0" name="TestCheckList003" time="0" errors="0" skipped="0">
  <properties>
[...]
</properties>
  <testcase classname="TestCheckList003" name="Addition0001" time="0"/>
  <testcase classname="TestCheckList003" name="Addition0009" time="0"/>
  <testcase classname="TestCheckList003" name="Addition0003" time="0"/>
  <testcase classname="TestCheckList003" name="getResultSubstraction" time="0"/>
  <testcase classname="TestCheckList003" name="getResultSubstraction0008" time="0"/>
  <testcase classname="TestCheckList003" name="getResultSubstraction0004" time="0"/>
  <testcase classname="TestCheckList003" name="getResultSubstraction00012" time="0"/>
</testsuite>