<?xml version="1.0" encoding="UTF-8" ?>
<testsuite tests="7" failures="4" name="TestCheckListTest" time="159.822" errors="0" skipped="0">
  <properties>
[...]
</properties>
  <testcase classname="TestCheckListTest" name="testLoginLogOut0001" time="18.364"/>
  <testcase classname="TestCheckListTest" name="Version010_02" time="33.88"/>
  <testcase classname="TestCheckListTest" name="Version010_01" time="14.841">
    <failure message="can not find C:\Formatech.TestAutomation\src\test\Images\item_systeme.png on the screen.. Voici le screenshot : C:\Failed\28042016_144525.png ****MetaInfo**** Priorité : MEDIUM Sprint # : N/A Codes : 010 Thèmes : Version 010-01 Scenarios : Version de l&apos;&apos;aplication Prérequis : N/A Chemin : Système &gt; CD &gt; Version du système Résultat_attendu : Le PDF s&apos;ouvre et le numéro de version est celui de la version testée Exemple_dossiers : N/A" type="java.lang.AssertionError">java.lang.AssertionError: can not find C:\Formatech.TestAutomation\src\test\Images\item_systeme.png on the screen.. Voici le screenshot : C:\Failed\28042016_144525.png ****MetaInfo**** Priorité : MEDIUM Sprint # : N/A Codes : 010 Thèmes : Version 010-01 Scenarios : Version de l&apos;&apos;aplication Prérequis : N/A Chemin : Système &gt; CD &gt; Version du système Résultat_attendu : Le PDF s&apos;ouvre et le numéro de version est celui de la version testée Exemple_dossiers : N/A
	at org.junit.Assert.fail(Assert.java:91)
	at Framework.GUITestServiceProvider.CaptureScreenException(GUITestServiceProvider.java:179)
	at Framework.TestProviderBase.HandleException(TestProviderBase.java:73)
	at TestCheckListTest.Version010_01(TestCheckListTest.java:172)
	at sun.reflect.NativeMethodAccessorImpl.invoke0(Native Method)
	at sun.reflect.NativeMethodAccessorImpl.invoke(NativeMethodAccessorImpl.java:62)
	at sun.reflect.DelegatingMethodAccessorImpl.invoke(DelegatingMethodAccessorImpl.java:43)
	at java.lang.reflect.Method.invoke(Method.java:498)
	at org.junit.runners.model.FrameworkMethod$1.runReflectiveCall(FrameworkMethod.java:44)
	at org.junit.internal.runners.model.ReflectiveCallable.run(ReflectiveCallable.java:15)
	at org.junit.runners.model.FrameworkMethod.invokeExplosively(FrameworkMethod.java:41)
	at org.junit.internal.runners.statements.InvokeMethod.evaluate(InvokeMethod.java:20)
	at org.junit.runners.BlockJUnit4ClassRunner.runChild(BlockJUnit4ClassRunner.java:76)
	at org.junit.runners.BlockJUnit4ClassRunner.runChild(BlockJUnit4ClassRunner.java:50)
	at org.junit.runners.ParentRunner$3.run(ParentRunner.java:193)
	at org.junit.runners.ParentRunner$1.schedule(ParentRunner.java:52)
	at org.junit.runners.ParentRunner.runChildren(ParentRunner.java:191)
	at org.junit.runners.ParentRunner.access$000(ParentRunner.java:42)
	at org.junit.runners.ParentRunner$2.evaluate(ParentRunner.java:184)
	at org.junit.runners.ParentRunner.run(ParentRunner.java:236)
	at org.apache.maven.surefire.junit4.JUnit4Provider.execute(JUnit4Provider.java:252)
	at org.apache.maven.surefire.junit4.JUnit4Provider.executeTestSet(JUnit4Provider.java:141)
	at org.apache.maven.surefire.junit4.JUnit4Provider.invoke(JUnit4Provider.java:112)
	at sun.reflect.NativeMethodAccessorImpl.invoke0(Native Method)
	at sun.reflect.NativeMethodAccessorImpl.invoke(NativeMethodAccessorImpl.java:62)
	at sun.reflect.DelegatingMethodAccessorImpl.invoke(DelegatingMethodAccessorImpl.java:43)
	at java.lang.reflect.Method.invoke(Method.java:498)
	at org.apache.maven.surefire.util.ReflectionUtils.invokeMethodWithArray(ReflectionUtils.java:189)
	at org.apache.maven.surefire.booter.ProviderFactory$ProviderProxy.invoke(ProviderFactory.java:165)
	at org.apache.maven.surefire.booter.ProviderFactory.invokeProvider(ProviderFactory.java:85)
	at org.apache.maven.surefire.booter.ForkedBooter.runSuitesInProcess(ForkedBooter.java:115)
	at org.apache.maven.surefire.booter.ForkedBooter.main(ForkedBooter.java:75)
</failure>
    <system-out>[log] TYPE &quot;manager&quot;
[log] TYPE &quot;#ENTER.&quot;
</system-out>
  </testcase>
  <testcase classname="TestCheckListTest" name="affichage020_05" time="14.959">
    <failure message="can not find C:\Formatech.TestAutomation\src\test\Images\item_societes.png on the screen.. Voici le screenshot : C:\Failed\28042016_144540.png ****MetaInfo**** Priorité : MEDIUM Sprint # : N/A Codes : 020 Thèmes : Affichage 020-05 Scenarios : Clic sur une sociéte Prérequis : N/A Chemin : clic aleatorie Résultat_attendu : L&apos;affichage est positionné sur l&apos;onglet Directory (ou le planning complété, non grisé)
 Exemple_dossiers : N/A" type="java.lang.AssertionError">java.lang.AssertionError: can not find C:\Formatech.TestAutomation\src\test\Images\item_societes.png on the screen.. Voici le screenshot : C:\Failed\28042016_144540.png ****MetaInfo**** Priorité : MEDIUM Sprint # : N/A Codes : 020 Thèmes : Affichage 020-05 Scenarios : Clic sur une sociéte Prérequis : N/A Chemin : clic aleatorie Résultat_attendu : L&apos;affichage est positionné sur l&apos;onglet Directory (ou le planning complété, non grisé)
 Exemple_dossiers : N/A
	at org.junit.Assert.fail(Assert.java:91)
	at Framework.GUITestServiceProvider.CaptureScreenException(GUITestServiceProvider.java:179)
	at Framework.TestProviderBase.HandleException(TestProviderBase.java:73)
	at TestCheckListTest.affichage020_05(TestCheckListTest.java:225)
	at sun.reflect.NativeMethodAccessorImpl.invoke0(Native Method)
	at sun.reflect.NativeMethodAccessorImpl.invoke(NativeMethodAccessorImpl.java:62)
	at sun.reflect.DelegatingMethodAccessorImpl.invoke(DelegatingMethodAccessorImpl.java:43)
	at java.lang.reflect.Method.invoke(Method.java:498)
	at org.junit.runners.model.FrameworkMethod$1.runReflectiveCall(FrameworkMethod.java:44)
	at org.junit.internal.runners.model.ReflectiveCallable.run(ReflectiveCallable.java:15)
	at org.junit.runners.model.FrameworkMethod.invokeExplosively(FrameworkMethod.java:41)
	at org.junit.internal.runners.statements.InvokeMethod.evaluate(InvokeMethod.java:20)
	at org.junit.runners.BlockJUnit4ClassRunner.runChild(BlockJUnit4ClassRunner.java:76)
	at org.junit.runners.BlockJUnit4ClassRunner.runChild(BlockJUnit4ClassRunner.java:50)
	at org.junit.runners.ParentRunner$3.run(ParentRunner.java:193)
	at org.junit.runners.ParentRunner$1.schedule(ParentRunner.java:52)
	at org.junit.runners.ParentRunner.runChildren(ParentRunner.java:191)
	at org.junit.runners.ParentRunner.access$000(ParentRunner.java:42)
	at org.junit.runners.ParentRunner$2.evaluate(ParentRunner.java:184)
	at org.junit.runners.ParentRunner.run(ParentRunner.java:236)
	at org.apache.maven.surefire.junit4.JUnit4Provider.execute(JUnit4Provider.java:252)
	at org.apache.maven.surefire.junit4.JUnit4Provider.executeTestSet(JUnit4Provider.java:141)
	at org.apache.maven.surefire.junit4.JUnit4Provider.invoke(JUnit4Provider.java:112)
	at sun.reflect.NativeMethodAccessorImpl.invoke0(Native Method)
	at sun.reflect.NativeMethodAccessorImpl.invoke(NativeMethodAccessorImpl.java:62)
	at sun.reflect.DelegatingMethodAccessorImpl.invoke(DelegatingMethodAccessorImpl.java:43)
	at java.lang.reflect.Method.invoke(Method.java:498)
	at org.apache.maven.surefire.util.ReflectionUtils.invokeMethodWithArray(ReflectionUtils.java:189)
	at org.apache.maven.surefire.booter.ProviderFactory$ProviderProxy.invoke(ProviderFactory.java:165)
	at org.apache.maven.surefire.booter.ProviderFactory.invokeProvider(ProviderFactory.java:85)
	at org.apache.maven.surefire.booter.ForkedBooter.runSuitesInProcess(ForkedBooter.java:115)
	at org.apache.maven.surefire.booter.ForkedBooter.main(ForkedBooter.java:75)
</failure>
    <system-out>[log] TYPE &quot;manager&quot;
[log] TYPE &quot;#ENTER.&quot;
</system-out>
  </testcase>
  <testcase classname="TestCheckListTest" name="testSocietes_051_SousSelectionTravailleurs" time="17.392">
    <failure message="can not find C:\Formatech.TestAutomation\src\test\Images\fermerleprogramme.png on the screen.. Voici le screenshot : C:\Failed\28042016_144557.png ****MetaInfo**** Priorité : MEDIUM Sprint # : N/A Ticket(s) Jira : FORMATECH-15463" type="java.lang.AssertionError">java.lang.AssertionError: can not find C:\Formatech.TestAutomation\src\test\Images\fermerleprogramme.png on the screen.. Voici le screenshot : C:\Failed\28042016_144557.png ****MetaInfo**** Priorité : MEDIUM Sprint # : N/A Ticket(s) Jira : FORMATECH-15463
	at org.junit.Assert.fail(Assert.java:91)
	at Framework.GUITestServiceProvider.CaptureScreenException(GUITestServiceProvider.java:179)
	at Framework.TestProviderBase.HandleException(TestProviderBase.java:73)
	at TestCheckListTest.testSocietes_051_SousSelectionTravailleurs(TestCheckListTest.java:279)
	at sun.reflect.NativeMethodAccessorImpl.invoke0(Native Method)
	at sun.reflect.NativeMethodAccessorImpl.invoke(NativeMethodAccessorImpl.java:62)
	at sun.reflect.DelegatingMethodAccessorImpl.invoke(DelegatingMethodAccessorImpl.java:43)
	at java.lang.reflect.Method.invoke(Method.java:498)
	at org.junit.runners.model.FrameworkMethod$1.runReflectiveCall(FrameworkMethod.java:44)
	at org.junit.internal.runners.model.ReflectiveCallable.run(ReflectiveCallable.java:15)
	at org.junit.runners.model.FrameworkMethod.invokeExplosively(FrameworkMethod.java:41)
	at org.junit.internal.runners.statements.InvokeMethod.evaluate(InvokeMethod.java:20)
	at org.junit.runners.BlockJUnit4ClassRunner.runChild(BlockJUnit4ClassRunner.java:76)
	at org.junit.runners.BlockJUnit4ClassRunner.runChild(BlockJUnit4ClassRunner.java:50)
	at org.junit.runners.ParentRunner$3.run(ParentRunner.java:193)
	at org.junit.runners.ParentRunner$1.schedule(ParentRunner.java:52)
	at org.junit.runners.ParentRunner.runChildren(ParentRunner.java:191)
	at org.junit.runners.ParentRunner.access$000(ParentRunner.java:42)
	at org.junit.runners.ParentRunner$2.evaluate(ParentRunner.java:184)
	at org.junit.runners.ParentRunner.run(ParentRunner.java:236)
	at org.apache.maven.surefire.junit4.JUnit4Provider.execute(JUnit4Provider.java:252)
	at org.apache.maven.surefire.junit4.JUnit4Provider.executeTestSet(JUnit4Provider.java:141)
	at org.apache.maven.surefire.junit4.JUnit4Provider.invoke(JUnit4Provider.java:112)
	at sun.reflect.NativeMethodAccessorImpl.invoke0(Native Method)
	at sun.reflect.NativeMethodAccessorImpl.invoke(NativeMethodAccessorImpl.java:62)
	at sun.reflect.DelegatingMethodAccessorImpl.invoke(DelegatingMethodAccessorImpl.java:43)
	at java.lang.reflect.Method.invoke(Method.java:498)
	at org.apache.maven.surefire.util.ReflectionUtils.invokeMethodWithArray(ReflectionUtils.java:189)
	at org.apache.maven.surefire.booter.ProviderFactory$ProviderProxy.invoke(ProviderFactory.java:165)
	at org.apache.maven.surefire.booter.ProviderFactory.invokeProvider(ProviderFactory.java:85)
	at org.apache.maven.surefire.booter.ForkedBooter.runSuitesInProcess(ForkedBooter.java:115)
	at org.apache.maven.surefire.booter.ForkedBooter.main(ForkedBooter.java:75)
</failure>
    <system-out>[log] TYPE &quot;manager&quot;
[log] TYPE &quot;#ENTER.&quot;
</system-out>
  </testcase>
  <testcase classname="TestCheckListTest" name="Connexion_000" time="18.226"/>
  <testcase classname="TestCheckListTest" name="testSocietes_049" time="42.16">
    <failure message="can not find C:\Formatech.TestAutomation\src\test\Images\button_suivant.png on the screen.. Voici le screenshot : C:\Failed\28042016_144657.png ****MetaInfo**** Priorité : MEDIUM Sprint # : N/A Ticket(s) Jira : FORMATECH-12356 FORMATECH-465431" type="java.lang.AssertionError">java.lang.AssertionError: can not find C:\Formatech.TestAutomation\src\test\Images\button_suivant.png on the screen.. Voici le screenshot : C:\Failed\28042016_144657.png ****MetaInfo**** Priorité : MEDIUM Sprint # : N/A Ticket(s) Jira : FORMATECH-12356 FORMATECH-465431
	at org.junit.Assert.fail(Assert.java:91)
	at Framework.GUITestServiceProvider.CaptureScreenException(GUITestServiceProvider.java:179)
	at Framework.TestProviderBase.HandleException(TestProviderBase.java:73)
	at TestCheckListTest.testSocietes_049(TestCheckListTest.java:120)
	at sun.reflect.NativeMethodAccessorImpl.invoke0(Native Method)
	at sun.reflect.NativeMethodAccessorImpl.invoke(NativeMethodAccessorImpl.java:62)
	at sun.reflect.DelegatingMethodAccessorImpl.invoke(DelegatingMethodAccessorImpl.java:43)
	at java.lang.reflect.Method.invoke(Method.java:498)
	at org.junit.runners.model.FrameworkMethod$1.runReflectiveCall(FrameworkMethod.java:44)
	at org.junit.internal.runners.model.ReflectiveCallable.run(ReflectiveCallable.java:15)
	at org.junit.runners.model.FrameworkMethod.invokeExplosively(FrameworkMethod.java:41)
	at org.junit.internal.runners.statements.InvokeMethod.evaluate(InvokeMethod.java:20)
	at org.junit.runners.BlockJUnit4ClassRunner.runChild(BlockJUnit4ClassRunner.java:76)
	at org.junit.runners.BlockJUnit4ClassRunner.runChild(BlockJUnit4ClassRunner.java:50)
	at org.junit.runners.ParentRunner$3.run(ParentRunner.java:193)
	at org.junit.runners.ParentRunner$1.schedule(ParentRunner.java:52)
	at org.junit.runners.ParentRunner.runChildren(ParentRunner.java:191)
	at org.junit.runners.ParentRunner.access$000(ParentRunner.java:42)
	at org.junit.runners.ParentRunner$2.evaluate(ParentRunner.java:184)
	at org.junit.runners.ParentRunner.run(ParentRunner.java:236)
	at org.apache.maven.surefire.junit4.JUnit4Provider.execute(JUnit4Provider.java:252)
	at org.apache.maven.surefire.junit4.JUnit4Provider.executeTestSet(JUnit4Provider.java:141)
	at org.apache.maven.surefire.junit4.JUnit4Provider.invoke(JUnit4Provider.java:112)
	at sun.reflect.NativeMethodAccessorImpl.invoke0(Native Method)
	at sun.reflect.NativeMethodAccessorImpl.invoke(NativeMethodAccessorImpl.java:62)
	at sun.reflect.DelegatingMethodAccessorImpl.invoke(DelegatingMethodAccessorImpl.java:43)
	at java.lang.reflect.Method.invoke(Method.java:498)
	at org.apache.maven.surefire.util.ReflectionUtils.invokeMethodWithArray(ReflectionUtils.java:189)
	at org.apache.maven.surefire.booter.ProviderFactory$ProviderProxy.invoke(ProviderFactory.java:165)
	at org.apache.maven.surefire.booter.ProviderFactory.invokeProvider(ProviderFactory.java:85)
	at org.apache.maven.surefire.booter.ForkedBooter.runSuitesInProcess(ForkedBooter.java:115)
	at org.apache.maven.surefire.booter.ForkedBooter.main(ForkedBooter.java:75)
</failure>
    <system-out>[log] TYPE &quot;manager&quot;
[log] TYPE &quot;#ENTER.&quot;
[log] CLICK on L(68,233)@S(0)[0,0 2048x1152]
[log] RIGHT CLICK on L(68,233)@S(0)[0,0 2048x1152]
[log] CLICK on L(145,244)@S(0)[0,0 2048x1152]
[log] TYPE &quot;#NUM1.&quot;
[log] TYPE &quot;#NUM3.&quot;
[log] TYPE &quot;#NUM0.&quot;
[log] TYPE &quot;#NUM4.&quot;
[log] TYPE &quot;#NUM2.&quot;
[log] TYPE &quot;#NUM0.&quot;
[log] TYPE &quot;#NUM1.&quot;
[log] TYPE &quot;#NUM6.&quot;
[log] CLICK on L(836,466)@S(0)[0,0 2048x1152]
[log] TYPE &quot;#NUM1.&quot;
[log] CLICK on L(926,670)@S(0)[0,0 2048x1152]
[log] CLICK on L(1132,652)@S(0)[0,0 2048x1152]
[log] CLICK on L(836,466)@S(0)[0,0 2048x1152]
[log] TYPE &quot;#NUM9.&quot;
[log] TYPE &quot;#NUM9.&quot;
[log] TYPE &quot;#NUM5.&quot;
[log] TYPE &quot;#NUM6.&quot;
[log] TYPE &quot;#NUM3.&quot;
[log] CLICK on L(926,670)@S(0)[0,0 2048x1152]
[log] CLICK on L(804,540)@S(0)[0,0 2048x1152]
[log] CLICK on L(1053,472)@S(0)[0,0 2048x1152]
[log] CLICK on L(974,472)@S(0)[0,0 2048x1152]
[log] CLICK on L(926,682)@S(0)[0,0 2048x1152]
[log] CLICK on L(926,682)@S(0)[0,0 2048x1152]
[log] CLICK on L(926,682)@S(0)[0,0 2048x1152]
[log] TYPE &quot;PoC Paul Lorena&quot;
</system-out>
  </testcase>
</testsuite>