<?xml version="1.0" encoding="UTF-8" ?>
<testsuite tests="7" failures="4" name="TestCheckListTest" time="159.822" errors="0" skipped="0">
  <properties>
    <property name="java.runtime.name" value="Java(TM) SE Runtime Environment"/>
    <property name="sun.boot.library.path" value="C:\Program Files\Java\jdk1.8.0\jre\bin"/>
    <property name="java.vm.version" value="25.77-b03"/>
    <property name="java.vm.vendor" value="Oracle Corporation"/>
    <property name="maven.multiModuleProjectDirectory" value="C:\Formatech.TestAutomation"/>
    <property name="java.vendor.url" value="http://java.oracle.com/"/>
    <property name="path.separator" value=";"/>
    <property name="guice.disable.misplaced.annotation.check" value="true"/>
    <property name="java.vm.name" value="Java HotSpot(TM) 64-Bit Server VM"/>
    <property name="file.encoding.pkg" value="sun.io"/>
    <property name="user.script" value=""/>
    <property name="user.country" value="FR"/>
    <property name="sun.java.launcher" value="SUN_STANDARD"/>
    <property name="sun.os.patch.level" value=""/>
    <property name="java.vm.specification.name" value="Java Virtual Machine Specification"/>
    <property name="user.dir" value="C:\Formatech.TestAutomation"/>
    <property name="java.runtime.version" value="1.8.0_77-b03"/>
    <property name="java.awt.graphicsenv" value="sun.awt.Win32GraphicsEnvironment"/>
    <property name="java.endorsed.dirs" value="C:\Program Files\Java\jdk1.8.0\jre\lib\endorsed"/>
    <property name="os.arch" value="amd64"/>
    <property name="java.io.tmpdir" value="C:\Users\PAUL~1.LOR\AppData\Local\Temp\"/>
    <property name="line.separator" value="
"/>
    <property name="java.vm.specification.vendor" value="Oracle Corporation"/>
    <property name="user.variant" value=""/>
    <property name="os.name" value="Windows 8.1"/>
    <property name="classworlds.conf" value="C:\maven\bin\..\bin\m2.conf"/>
    <property name="sun.jnu.encoding" value="Cp1252"/>
    <property name="java.library.path" value="C:\Program Files\Java\jdk1.8.0\bin;C:\Windows\Sun\Java\bin;C:\Windows\system32;C:\Windows;C:\Users\paul.lorena\AppData\Roaming\ProcessMaker-3_0_1_7_community\php;C:\ProgramData\Oracle\Java\javapath;C:\Oracle\product\11.2.0\dbhome_1\bin;C:\oracle\product\12.1.0\dbhome_2\bin;C:\Program Files (x86)\NVIDIA Corporation\PhysX\Common;C:\oracle\product\12.1.0\dbhome_1\bin;C:\Program Files\Dell\DW WLAN Card;c:\Program Files (x86)\Intel\iCLS Client\;c:\Program Files\Intel\iCLS Client\;C:\Windows\system32;C:\Windows;C:\Windows\System32\Wbem;C:\Windows\System32\WindowsPowerShell\v1.0\;C:\Program Files\Intel\Intel(R) Management Engine Components\DAL;C:\Program Files\Intel\Intel(R) Management Engine Components\IPT;C:\Program Files (x86)\Intel\Intel(R) Management Engine Components\DAL;C:\Program Files (x86)\Intel\Intel(R) Management Engine Components\IPT;C:\Program Files\WIDCOMM\Bluetooth Software\;C:\Program Files\WIDCOMM\Bluetooth Software\syswow64;C:\Program Files (x86)\Windows Live\Shared;C:\Program Files (x86)\Skype\Phone\;C:\ForHRM\Server\Services\; C:\ForHRM\Server\Services\Joram;C:\Program Files (x86)\Google\Google Apps Sync\;C:\Program Files (x86)\Google\Google Apps Migration\;C:\Program Files\Microsoft SQL Server\120\Tools\Binn\;C:\Program Files (x86)\Windows Kits\10\Windows Performance Toolkit\;C:\Program Files\Git\cmd;C:\maven\bin;C:\Program Files\Java\jdk1.8.0;C:\Sikuli;C:\Formatech.TestAutomation\lib\libs;C:\NewProject\lib\libs;C:\NewProject\libs\libs;C:\NewProject\libs;."/>
    <property name="java.specification.name" value="Java Platform API Specification"/>
    <property name="java.class.version" value="52.0"/>
    <property name="sun.management.compiler" value="HotSpot 64-Bit Tiered Compilers"/>
    <property name="os.version" value="6.3"/>
    <property name="user.home" value="C:\Users\paul.lorena"/>
    <property name="user.timezone" value="Europe/Paris"/>
    <property name="java.awt.printerjob" value="sun.awt.windows.WPrinterJob"/>
    <property name="java.specification.version" value="1.8"/>
    <property name="file.encoding" value="Cp1252"/>
    <property name="user.name" value="paul.lorena"/>
    <property name="java.class.path" value="C:\maven\bin\..\boot\plexus-classworlds-2.5.2.jar"/>
    <property name="java.vm.specification.version" value="1.8"/>
    <property name="sun.arch.data.model" value="64"/>
    <property name="java.home" value="C:\Program Files\Java\jdk1.8.0\jre"/>
    <property name="sun.java.command" value="org.codehaus.plexus.classworlds.launcher.Launcher test"/>
    <property name="java.specification.vendor" value="Oracle Corporation"/>
    <property name="user.language" value="fr"/>
    <property name="awt.toolkit" value="sun.awt.windows.WToolkit"/>
    <property name="java.vm.info" value="mixed mode"/>
    <property name="java.version" value="1.8.0_77"/>
    <property name="java.ext.dirs" value="C:\Program Files\Java\jdk1.8.0\jre\lib\ext;C:\Windows\Sun\Java\lib\ext"/>
    <property name="sun.boot.class.path" value="C:\Program Files\Java\jdk1.8.0\jre\lib\resources.jar;C:\Program Files\Java\jdk1.8.0\jre\lib\rt.jar;C:\Program Files\Java\jdk1.8.0\jre\lib\sunrsasign.jar;C:\Program Files\Java\jdk1.8.0\jre\lib\jsse.jar;C:\Program Files\Java\jdk1.8.0\jre\lib\jce.jar;C:\Program Files\Java\jdk1.8.0\jre\lib\charsets.jar;C:\Program Files\Java\jdk1.8.0\jre\lib\jfr.jar;C:\Program Files\Java\jdk1.8.0\jre\classes"/>
    <property name="sun.stderr.encoding" value="cp850"/>
    <property name="java.vendor" value="Oracle Corporation"/>
    <property name="maven.home" value="C:\maven\bin\.."/>
    <property name="file.separator" value="\"/>
    <property name="java.vendor.url.bug" value="http://bugreport.sun.com/bugreport/"/>
    <property name="sun.cpu.endian" value="little"/>
    <property name="sun.io.unicode.encoding" value="UnicodeLittle"/>
    <property name="sun.stdout.encoding" value="cp850"/>
    <property name="sun.desktop" value="windows"/>
    <property name="sun.cpu.isalist" value="amd64"/>
  </properties>
  <testcase classname="TestCheckListTest" name="testLoginLogOut0001" time="18.364"/>
  <testcase classname="TestCheckListTest" name="Version010_02" time="33.88"/>
  <testcase classname="TestCheckListTest" name="Version010_01" time="14.841">
    <failure message="can not find C:\Formatech.TestAutomation\src\test\Images\item_systeme.png on the screen.. Voici le screenshot : C:\Failed\28042016_144525.png ****MetaInfo**** Priorité : MEDIUM Sprint # : N/A Codes : 010 Thèmes : Version 010-01 Scenarios : Version de l&apos;&apos;aplication Prérequis : N/A Chemin : Système &gt; CD &gt; Version du système Résultat_attendu : Le PDF s&apos;ouvre et le numéro de version est celui de la version testée Exemple_dossiers : N/A" type="java.lang.AssertionError">java.lang.AssertionError: can not find C:\Formatech.TestAutomation\src\test\Images\item_systeme.png on the screen.. Voici le screenshot : C:\Failed\28042016_144525.png ****MetaInfo**** Priorité : MEDIUM Sprint # : N/A Codes : 010 Thèmes : Version 010-01 Scenarios : Version de l&apos;&apos;aplication Prérequis : N/A Chemin : Système &gt; CD &gt; Version du système Résultat_attendu : Le PDF s&apos;ouvre et le numéro de version est celui de la version testée Exemple_dossiers : N/A
	at org.junit.Assert.fail(Assert.java:91)
	at Framework.GUITestServiceProvider.CaptureScreenException(GUITestServiceProvider.java:179)
	at Framework.TestProviderBase.HandleException(TestProviderBase.java:73)
	at TestCheckListTest.Version010_01(TestCheckListTest.java:172)
	at sun.reflect.NativeMethodAccessorImpl.invoke0(Native Method)
	at sun.reflect.NativeMethodAccessorImpl.invoke(NativeMethodAccessorImpl.java:62)
	at sun.reflect.DelegatingMethodAccessorImpl.invoke(DelegatingMethodAccessorImpl.java:43)
	at java.lang.reflect.Method.invoke(Method.java:498)
	at org.junit.runners.model.FrameworkMethod$1.runReflectiveCall(FrameworkMethod.java:44)
	at org.junit.internal.runners.model.ReflectiveCallable.run(ReflectiveCallable.java:15)
	at org.junit.runners.model.FrameworkMethod.invokeExplosively(FrameworkMethod.java:41)
	at org.junit.internal.runners.statements.InvokeMethod.evaluate(InvokeMethod.java:20)
	at org.junit.runners.BlockJUnit4ClassRunner.runChild(BlockJUnit4ClassRunner.java:76)
	at org.junit.runners.BlockJUnit4ClassRunner.runChild(BlockJUnit4ClassRunner.java:50)
	at org.junit.runners.ParentRunner$3.run(ParentRunner.java:193)
	at org.junit.runners.ParentRunner$1.schedule(ParentRunner.java:52)
	at org.junit.runners.ParentRunner.runChildren(ParentRunner.java:191)
	at org.junit.runners.ParentRunner.access$000(ParentRunner.java:42)
	at org.junit.runners.ParentRunner$2.evaluate(ParentRunner.java:184)
	at org.junit.runners.ParentRunner.run(ParentRunner.java:236)
	at org.apache.maven.surefire.junit4.JUnit4Provider.execute(JUnit4Provider.java:252)
	at org.apache.maven.surefire.junit4.JUnit4Provider.executeTestSet(JUnit4Provider.java:141)
	at org.apache.maven.surefire.junit4.JUnit4Provider.invoke(JUnit4Provider.java:112)
	at sun.reflect.NativeMethodAccessorImpl.invoke0(Native Method)
	at sun.reflect.NativeMethodAccessorImpl.invoke(NativeMethodAccessorImpl.java:62)
	at sun.reflect.DelegatingMethodAccessorImpl.invoke(DelegatingMethodAccessorImpl.java:43)
	at java.lang.reflect.Method.invoke(Method.java:498)
	at org.apache.maven.surefire.util.ReflectionUtils.invokeMethodWithArray(ReflectionUtils.java:189)
	at org.apache.maven.surefire.booter.ProviderFactory$ProviderProxy.invoke(ProviderFactory.java:165)
	at org.apache.maven.surefire.booter.ProviderFactory.invokeProvider(ProviderFactory.java:85)
	at org.apache.maven.surefire.booter.ForkedBooter.runSuitesInProcess(ForkedBooter.java:115)
	at org.apache.maven.surefire.booter.ForkedBooter.main(ForkedBooter.java:75)
</failure>
    <system-out>[log] TYPE &quot;manager&quot;
[log] TYPE &quot;#ENTER.&quot;
</system-out>
  </testcase>
  <testcase classname="TestCheckListTest" name="affichage020_05" time="14.959">
    <failure message="can not find C:\Formatech.TestAutomation\src\test\Images\item_societes.png on the screen.. Voici le screenshot : C:\Failed\28042016_144540.png ****MetaInfo**** Priorité : MEDIUM Sprint # : N/A Codes : 020 Thèmes : Affichage 020-05 Scenarios : Clic sur une sociéte Prérequis : N/A Chemin : clic aleatorie Résultat_attendu : L&apos;affichage est positionné sur l&apos;onglet Directory (ou le planning complété, non grisé)
 Exemple_dossiers : N/A" type="java.lang.AssertionError">java.lang.AssertionError: can not find C:\Formatech.TestAutomation\src\test\Images\item_societes.png on the screen.. Voici le screenshot : C:\Failed\28042016_144540.png ****MetaInfo**** Priorité : MEDIUM Sprint # : N/A Codes : 020 Thèmes : Affichage 020-05 Scenarios : Clic sur une sociéte Prérequis : N/A Chemin : clic aleatorie Résultat_attendu : L&apos;affichage est positionné sur l&apos;onglet Directory (ou le planning complété, non grisé)
 Exemple_dossiers : N/A
	at org.junit.Assert.fail(Assert.java:91)
	at Framework.GUITestServiceProvider.CaptureScreenException(GUITestServiceProvider.java:179)
	at Framework.TestProviderBase.HandleException(TestProviderBase.java:73)
	at TestCheckListTest.affichage020_05(TestCheckListTest.java:225)
	at sun.reflect.NativeMethodAccessorImpl.invoke0(Native Method)
	at sun.reflect.NativeMethodAccessorImpl.invoke(NativeMethodAccessorImpl.java:62)
	at sun.reflect.DelegatingMethodAccessorImpl.invoke(DelegatingMethodAccessorImpl.java:43)
	at java.lang.reflect.Method.invoke(Method.java:498)
	at org.junit.runners.model.FrameworkMethod$1.runReflectiveCall(FrameworkMethod.java:44)
	at org.junit.internal.runners.model.ReflectiveCallable.run(ReflectiveCallable.java:15)
	at org.junit.runners.model.FrameworkMethod.invokeExplosively(FrameworkMethod.java:41)
	at org.junit.internal.runners.statements.InvokeMethod.evaluate(InvokeMethod.java:20)
	at org.junit.runners.BlockJUnit4ClassRunner.runChild(BlockJUnit4ClassRunner.java:76)
	at org.junit.runners.BlockJUnit4ClassRunner.runChild(BlockJUnit4ClassRunner.java:50)
	at org.junit.runners.ParentRunner$3.run(ParentRunner.java:193)
	at org.junit.runners.ParentRunner$1.schedule(ParentRunner.java:52)
	at org.junit.runners.ParentRunner.runChildren(ParentRunner.java:191)
	at org.junit.runners.ParentRunner.access$000(ParentRunner.java:42)
	at org.junit.runners.ParentRunner$2.evaluate(ParentRunner.java:184)
	at org.junit.runners.ParentRunner.run(ParentRunner.java:236)
	at org.apache.maven.surefire.junit4.JUnit4Provider.execute(JUnit4Provider.java:252)
	at org.apache.maven.surefire.junit4.JUnit4Provider.executeTestSet(JUnit4Provider.java:141)
	at org.apache.maven.surefire.junit4.JUnit4Provider.invoke(JUnit4Provider.java:112)
	at sun.reflect.NativeMethodAccessorImpl.invoke0(Native Method)
	at sun.reflect.NativeMethodAccessorImpl.invoke(NativeMethodAccessorImpl.java:62)
	at sun.reflect.DelegatingMethodAccessorImpl.invoke(DelegatingMethodAccessorImpl.java:43)
	at java.lang.reflect.Method.invoke(Method.java:498)
	at org.apache.maven.surefire.util.ReflectionUtils.invokeMethodWithArray(ReflectionUtils.java:189)
	at org.apache.maven.surefire.booter.ProviderFactory$ProviderProxy.invoke(ProviderFactory.java:165)
	at org.apache.maven.surefire.booter.ProviderFactory.invokeProvider(ProviderFactory.java:85)
	at org.apache.maven.surefire.booter.ForkedBooter.runSuitesInProcess(ForkedBooter.java:115)
	at org.apache.maven.surefire.booter.ForkedBooter.main(ForkedBooter.java:75)
</failure>
    <system-out>[log] TYPE &quot;manager&quot;
[log] TYPE &quot;#ENTER.&quot;
</system-out>
  </testcase>
  <testcase classname="TestCheckListTest" name="testSocietes_051_SousSelectionTravailleurs" time="17.392">
    <failure message="can not find C:\Formatech.TestAutomation\src\test\Images\fermerleprogramme.png on the screen.. Voici le screenshot : C:\Failed\28042016_144557.png ****MetaInfo**** Priorité : MEDIUM Sprint # : N/A Ticket(s) Jira : FORMATECH-15463" type="java.lang.AssertionError">java.lang.AssertionError: can not find C:\Formatech.TestAutomation\src\test\Images\fermerleprogramme.png on the screen.. Voici le screenshot : C:\Failed\28042016_144557.png ****MetaInfo**** Priorité : MEDIUM Sprint # : N/A Ticket(s) Jira : FORMATECH-15463
	at org.junit.Assert.fail(Assert.java:91)
	at Framework.GUITestServiceProvider.CaptureScreenException(GUITestServiceProvider.java:179)
	at Framework.TestProviderBase.HandleException(TestProviderBase.java:73)
	at TestCheckListTest.testSocietes_051_SousSelectionTravailleurs(TestCheckListTest.java:279)
	at sun.reflect.NativeMethodAccessorImpl.invoke0(Native Method)
	at sun.reflect.NativeMethodAccessorImpl.invoke(NativeMethodAccessorImpl.java:62)
	at sun.reflect.DelegatingMethodAccessorImpl.invoke(DelegatingMethodAccessorImpl.java:43)
	at java.lang.reflect.Method.invoke(Method.java:498)
	at org.junit.runners.model.FrameworkMethod$1.runReflectiveCall(FrameworkMethod.java:44)
	at org.junit.internal.runners.model.ReflectiveCallable.run(ReflectiveCallable.java:15)
	at org.junit.runners.model.FrameworkMethod.invokeExplosively(FrameworkMethod.java:41)
	at org.junit.internal.runners.statements.InvokeMethod.evaluate(InvokeMethod.java:20)
	at org.junit.runners.BlockJUnit4ClassRunner.runChild(BlockJUnit4ClassRunner.java:76)
	at org.junit.runners.BlockJUnit4ClassRunner.runChild(BlockJUnit4ClassRunner.java:50)
	at org.junit.runners.ParentRunner$3.run(ParentRunner.java:193)
	at org.junit.runners.ParentRunner$1.schedule(ParentRunner.java:52)
	at org.junit.runners.ParentRunner.runChildren(ParentRunner.java:191)
	at org.junit.runners.ParentRunner.access$000(ParentRunner.java:42)
	at org.junit.runners.ParentRunner$2.evaluate(ParentRunner.java:184)
	at org.junit.runners.ParentRunner.run(ParentRunner.java:236)
	at org.apache.maven.surefire.junit4.JUnit4Provider.execute(JUnit4Provider.java:252)
	at org.apache.maven.surefire.junit4.JUnit4Provider.executeTestSet(JUnit4Provider.java:141)
	at org.apache.maven.surefire.junit4.JUnit4Provider.invoke(JUnit4Provider.java:112)
	at sun.reflect.NativeMethodAccessorImpl.invoke0(Native Method)
	at sun.reflect.NativeMethodAccessorImpl.invoke(NativeMethodAccessorImpl.java:62)
	at sun.reflect.DelegatingMethodAccessorImpl.invoke(DelegatingMethodAccessorImpl.java:43)
	at java.lang.reflect.Method.invoke(Method.java:498)
	at org.apache.maven.surefire.util.ReflectionUtils.invokeMethodWithArray(ReflectionUtils.java:189)
	at org.apache.maven.surefire.booter.ProviderFactory$ProviderProxy.invoke(ProviderFactory.java:165)
	at org.apache.maven.surefire.booter.ProviderFactory.invokeProvider(ProviderFactory.java:85)
	at org.apache.maven.surefire.booter.ForkedBooter.runSuitesInProcess(ForkedBooter.java:115)
	at org.apache.maven.surefire.booter.ForkedBooter.main(ForkedBooter.java:75)
</failure>
    <system-out>[log] TYPE &quot;manager&quot;
[log] TYPE &quot;#ENTER.&quot;
</system-out>
  </testcase>
  <testcase classname="TestCheckListTest" name="Connexion_000" time="18.226"/>
  <testcase classname="TestCheckListTest" name="testSocietes_049" time="42.16">
    <failure message="can not find C:\Formatech.TestAutomation\src\test\Images\button_suivant.png on the screen.. Voici le screenshot : C:\Failed\28042016_144657.png ****MetaInfo**** Priorité : MEDIUM Sprint # : N/A Ticket(s) Jira : FORMATECH-12356 FORMATECH-465431" type="java.lang.AssertionError">java.lang.AssertionError: can not find C:\Formatech.TestAutomation\src\test\Images\button_suivant.png on the screen.. Voici le screenshot : C:\Failed\28042016_144657.png ****MetaInfo**** Priorité : MEDIUM Sprint # : N/A Ticket(s) Jira : FORMATECH-12356 FORMATECH-465431
	at org.junit.Assert.fail(Assert.java:91)
	at Framework.GUITestServiceProvider.CaptureScreenException(GUITestServiceProvider.java:179)
	at Framework.TestProviderBase.HandleException(TestProviderBase.java:73)
	at TestCheckListTest.testSocietes_049(TestCheckListTest.java:120)
	at sun.reflect.NativeMethodAccessorImpl.invoke0(Native Method)
	at sun.reflect.NativeMethodAccessorImpl.invoke(NativeMethodAccessorImpl.java:62)
	at sun.reflect.DelegatingMethodAccessorImpl.invoke(DelegatingMethodAccessorImpl.java:43)
	at java.lang.reflect.Method.invoke(Method.java:498)
	at org.junit.runners.model.FrameworkMethod$1.runReflectiveCall(FrameworkMethod.java:44)
	at org.junit.internal.runners.model.ReflectiveCallable.run(ReflectiveCallable.java:15)
	at org.junit.runners.model.FrameworkMethod.invokeExplosively(FrameworkMethod.java:41)
	at org.junit.internal.runners.statements.InvokeMethod.evaluate(InvokeMethod.java:20)
	at org.junit.runners.BlockJUnit4ClassRunner.runChild(BlockJUnit4ClassRunner.java:76)
	at org.junit.runners.BlockJUnit4ClassRunner.runChild(BlockJUnit4ClassRunner.java:50)
	at org.junit.runners.ParentRunner$3.run(ParentRunner.java:193)
	at org.junit.runners.ParentRunner$1.schedule(ParentRunner.java:52)
	at org.junit.runners.ParentRunner.runChildren(ParentRunner.java:191)
	at org.junit.runners.ParentRunner.access$000(ParentRunner.java:42)
	at org.junit.runners.ParentRunner$2.evaluate(ParentRunner.java:184)
	at org.junit.runners.ParentRunner.run(ParentRunner.java:236)
	at org.apache.maven.surefire.junit4.JUnit4Provider.execute(JUnit4Provider.java:252)
	at org.apache.maven.surefire.junit4.JUnit4Provider.executeTestSet(JUnit4Provider.java:141)
	at org.apache.maven.surefire.junit4.JUnit4Provider.invoke(JUnit4Provider.java:112)
	at sun.reflect.NativeMethodAccessorImpl.invoke0(Native Method)
	at sun.reflect.NativeMethodAccessorImpl.invoke(NativeMethodAccessorImpl.java:62)
	at sun.reflect.DelegatingMethodAccessorImpl.invoke(DelegatingMethodAccessorImpl.java:43)
	at java.lang.reflect.Method.invoke(Method.java:498)
	at org.apache.maven.surefire.util.ReflectionUtils.invokeMethodWithArray(ReflectionUtils.java:189)
	at org.apache.maven.surefire.booter.ProviderFactory$ProviderProxy.invoke(ProviderFactory.java:165)
	at org.apache.maven.surefire.booter.ProviderFactory.invokeProvider(ProviderFactory.java:85)
	at org.apache.maven.surefire.booter.ForkedBooter.runSuitesInProcess(ForkedBooter.java:115)
	at org.apache.maven.surefire.booter.ForkedBooter.main(ForkedBooter.java:75)
</failure>
    <system-out>[log] TYPE &quot;manager&quot;
[log] TYPE &quot;#ENTER.&quot;
[log] CLICK on L(68,233)@S(0)[0,0 2048x1152]
[log] RIGHT CLICK on L(68,233)@S(0)[0,0 2048x1152]
[log] CLICK on L(145,244)@S(0)[0,0 2048x1152]
[log] TYPE &quot;#NUM1.&quot;
[log] TYPE &quot;#NUM3.&quot;
[log] TYPE &quot;#NUM0.&quot;
[log] TYPE &quot;#NUM4.&quot;
[log] TYPE &quot;#NUM2.&quot;
[log] TYPE &quot;#NUM0.&quot;
[log] TYPE &quot;#NUM1.&quot;
[log] TYPE &quot;#NUM6.&quot;
[log] CLICK on L(836,466)@S(0)[0,0 2048x1152]
[log] TYPE &quot;#NUM1.&quot;
[log] CLICK on L(926,670)@S(0)[0,0 2048x1152]
[log] CLICK on L(1132,652)@S(0)[0,0 2048x1152]
[log] CLICK on L(836,466)@S(0)[0,0 2048x1152]
[log] TYPE &quot;#NUM9.&quot;
[log] TYPE &quot;#NUM9.&quot;
[log] TYPE &quot;#NUM5.&quot;
[log] TYPE &quot;#NUM6.&quot;
[log] TYPE &quot;#NUM3.&quot;
[log] CLICK on L(926,670)@S(0)[0,0 2048x1152]
[log] CLICK on L(804,540)@S(0)[0,0 2048x1152]
[log] CLICK on L(1053,472)@S(0)[0,0 2048x1152]
[log] CLICK on L(974,472)@S(0)[0,0 2048x1152]
[log] CLICK on L(926,682)@S(0)[0,0 2048x1152]
[log] CLICK on L(926,682)@S(0)[0,0 2048x1152]
[log] CLICK on L(926,682)@S(0)[0,0 2048x1152]
[log] TYPE &quot;PoC Paul Lorena&quot;
</system-out>
  </testcase>
</testsuite>